+ ./find-r 256 2
x254 = F_(3.276973671303557364e-01 / 2.000000000000000000e+00 + F(2.000000000000000000e+00)) = 1.553509974998586785e+00
x1   = F_(3.276973671303557364e-01 /                  nan + F(                 nan)) =                  nan
x254 = F_(3.223110536365940795e-01 / 2.010000000000000000e+00 + F(2.010000000000000000e+00)) = 1.566891080263307146e+00
x1   = F_(3.223110536365940795e-01 /                  nan + F(                 nan)) =                  nan
x254 = F_(3.169791325519492858e-01 / 2.020000000000000000e+00 + F(2.020000000000000000e+00)) = 1.580215900811489993e+00
x1   = F_(3.169791325519492858e-01 /                  nan + F(                 nan)) =                  nan
x254 = F_(3.117018423425744012e-01 / 2.030000000000000001e+00 + F(2.030000000000000001e+00)) = 1.593485945068739973e+00
x1   = F_(3.117018423425744012e-01 /                  nan + F(                 nan)) =                  nan
x254 = F_(3.064794002734198244e-01 / 2.040000000000000001e+00 + F(2.040000000000000001e+00)) = 1.606702664093056843e+00
x1   = F_(3.064794002734198244e-01 /                  nan + F(                 nan)) =                  nan
x254 = F_(3.013120026467008875e-01 / 2.050000000000000001e+00 + F(2.050000000000000001e+00)) = 1.619867454450224953e+00
x1   = F_(3.013120026467008875e-01 /                  nan + F(                 nan)) =                  nan
x254 = F_(2.961998250485963531e-01 / 2.060000000000000001e+00 + F(2.060000000000000001e+00)) = 1.632981660909070820e+00
x1   = F_(2.961998250485963531e-01 /                  nan + F(                 nan)) =                  nan
x254 = F_(2.911430226038539220e-01 / 2.070000000000000001e+00 + F(2.070000000000000001e+00)) = 1.646046578970134178e+00
x1   = F_(2.911430226038539220e-01 /                  nan + F(                 nan)) =                  nan
x254 = F_(2.861417302379769656e-01 / 2.080000000000000002e+00 + F(2.080000000000000002e+00)) = 1.659063457240119721e+00
x1   = F_(2.861417302379769656e-01 /                  nan + F(                 nan)) =                  nan
x254 = F_(2.811960629466665205e-01 / 2.090000000000000002e+00 + F(2.090000000000000002e+00)) = 1.672033499663421630e+00
x1   = F_(2.811960629466665205e-01 /                  nan + F(                 nan)) =                  nan
x254 = F_(2.763061160721968366e-01 / 2.100000000000000002e+00 + F(2.100000000000000002e+00)) = 1.684957867621044603e+00
x1   = F_(2.763061160721968366e-01 /                  nan + F(                 nan)) =                  nan
x254 = F_(2.714719655863967768e-01 / 2.110000000000000002e+00 + F(2.110000000000000002e+00)) = 1.697837681906394502e+00
x1   = F_(2.714719655863967768e-01 /                  nan + F(                 nan)) =                  nan
x254 = F_(2.666936683799169313e-01 / 2.120000000000000002e+00 + F(2.120000000000000002e+00)) = 1.710674024586599673e+00
x1   = F_(2.666936683799169313e-01 /                  nan + F(                 nan)) =                  nan
x254 = F_(2.619712625574598396e-01 / 2.130000000000000003e+00 + F(2.130000000000000003e+00)) = 1.723467940757331673e+00
x1   = F_(2.619712625574598396e-01 /                  nan + F(                 nan)) =                  nan
x254 = F_(2.573047677386531009e-01 / 2.140000000000000003e+00 + F(2.140000000000000003e+00)) = 1.736220440198439352e+00
x1   = F_(2.573047677386531009e-01 /                  nan + F(                 nan)) =                  nan
x254 = F_(2.526941853642467150e-01 / 2.150000000000000003e+00 + F(2.150000000000000003e+00)) = 1.748932498937128210e+00
x1   = F_(2.526941853642467150e-01 /                  nan + F(                 nan)) =                  nan
x254 = F_(2.481394990073190695e-01 / 2.160000000000000003e+00 + F(2.160000000000000003e+00)) = 1.761605060724882765e+00
x1   = F_(2.481394990073190695e-01 /                  nan + F(                 nan)) =                  nan
x254 = F_(2.436406746891775564e-01 / 2.170000000000000004e+00 + F(2.170000000000000004e+00)) = 1.774239038433842008e+00
x1   = F_(2.436406746891775564e-01 /                  nan + F(                 nan)) =                  nan
x254 = F_(2.391976611996404166e-01 / 2.180000000000000004e+00 + F(2.180000000000000004e+00)) = 1.786835315377909295e+00
x1   = F_(2.391976611996404166e-01 /                  nan + F(                 nan)) =                  nan
x254 = F_(2.348103904213941172e-01 / 2.190000000000000004e+00 + F(2.190000000000000004e+00)) = 1.799394746563455882e+00
x1   = F_(2.348103904213941172e-01 /                  nan + F(                 nan)) =                  nan
x254 = F_(2.304787776581177439e-01 / 2.200000000000000004e+00 + F(2.200000000000000004e+00)) = 1.811918159874128076e+00
x1   = F_(2.304787776581177439e-01 /                  nan + F(                 nan)) =                  nan
x254 = F_(2.262027219660727472e-01 / 2.210000000000000004e+00 + F(2.210000000000000004e+00)) = 1.824406357193923967e+00
x1   = F_(2.262027219660727472e-01 /                  nan + F(                 nan)) =                  nan
x254 = F_(2.219821064888593089e-01 / 2.220000000000000005e+00 + F(2.220000000000000005e+00)) = 1.836860115472397359e+00
x1   = F_(2.219821064888593089e-01 /                  nan + F(                 nan)) =                  nan
x254 = F_(2.178167987950424062e-01 / 2.230000000000000005e+00 + F(2.230000000000000005e+00)) = 1.849280187735567127e+00
x1   = F_(2.178167987950424062e-01 /                  nan + F(                 nan)) =                  nan
x254 = F_(2.137066512183569028e-01 / 2.240000000000000005e+00 + F(2.240000000000000005e+00)) = 1.861667304045855342e+00
x1   = F_(2.137066512183569028e-01 /                  nan + F(                 nan)) =                  nan
x254 = F_(2.096515012002027543e-01 / 2.250000000000000005e+00 + F(2.250000000000000005e+00)) = 1.874022172414133491e+00
x1   = F_(2.096515012002027543e-01 /                  nan + F(                 nan)) =                  nan
x254 = F_(2.056511716341472671e-01 / 2.260000000000000005e+00 + F(2.260000000000000005e+00)) = 1.886345479666746039e+00
x1   = F_(2.056511716341472671e-01 /                  nan + F(                 nan)) =                  nan
x254 = F_(2.017054712121540644e-01 / 2.270000000000000006e+00 + F(2.270000000000000006e+00)) = 1.898637892270174987e+00
x1   = F_(2.017054712121540644e-01 /                  nan + F(                 nan)) =                  nan
x254 = F_(1.978141947722647214e-01 / 2.280000000000000006e+00 + F(2.280000000000000006e+00)) = 1.910900057115829220e+00
x1   = F_(1.978141947722647214e-01 /                  nan + F(                 nan)) =                  nan
x254 = F_(1.939771236474617060e-01 / 2.290000000000000006e+00 + F(2.290000000000000006e+00)) = 1.923132602267267677e+00
x1   = F_(1.939771236474617060e-01 /                  nan + F(                 nan)) =                  nan
x254 = F_(1.901940260154475295e-01 / 2.300000000000000006e+00 + F(2.300000000000000006e+00)) = 1.935336137672016621e+00
x1   = F_(1.901940260154475295e-01 /                  nan + F(                 nan)) =                  nan
x254 = F_(1.864646572490789155e-01 / 2.310000000000000006e+00 + F(2.310000000000000006e+00)) = 1.947511255839988964e+00
x1   = F_(1.864646572490789155e-01 /                  nan + F(                 nan)) =                  nan
x254 = F_(1.827887602672010540e-01 / 2.320000000000000007e+00 + F(2.320000000000000007e+00)) = 1.959658532490383687e+00
x1   = F_(1.827887602672010540e-01 /                  nan + F(                 nan)) =                  nan
x254 = F_(1.791660658856300629e-01 / 2.330000000000000007e+00 + F(2.330000000000000007e+00)) = 1.971778527168824846e+00
x1   = F_(1.791660658856300629e-01 /                  nan + F(                 nan)) =                  nan
x254 = F_(1.755962931680394840e-01 / 2.340000000000000007e+00 + F(2.340000000000000007e+00)) = 1.983871783836375302e+00
x1   = F_(1.755962931680394840e-01 /                  nan + F(                 nan)) =                  nan
x254 = F_(1.720791497765103796e-01 / 2.350000000000000007e+00 + F(2.350000000000000007e+00)) = 1.995938831431964156e+00
x1   = F_(1.720791497765103796e-01 /                  nan + F(                 nan)) =                  nan
x254 = F_(1.686143323215100380e-01 / 2.360000000000000007e+00 + F(2.360000000000000007e+00)) = 2.007980184409666968e+00
x1   = F_(1.686143323215100380e-01 /                  nan + F(                 nan)) =                  nan
x254 = F_(1.652015267110715942e-01 / 2.370000000000000008e+00 + F(2.370000000000000008e+00)) = 2.019996343252180360e+00
x1   = F_(1.652015267110715942e-01 /                  nan + F(                 nan)) =                  nan
x254 = F_(1.618404084989496850e-01 / 2.380000000000000008e+00 + F(2.380000000000000008e+00)) = 2.031987794961760851e+00
x1   = F_(1.618404084989496850e-01 /                  nan + F(                 nan)) =                  nan
x254 = F_(1.585306432315356481e-01 / 2.390000000000000008e+00 + F(2.390000000000000008e+00)) = 2.043955013529807019e+00
x1   = F_(1.585306432315356481e-01 /                  nan + F(                 nan)) =                  nan
x254 = F_(1.552718867933204486e-01 / 2.400000000000000008e+00 + F(2.400000000000000008e+00)) = 2.055898460386200277e+00
x1   = F_(1.552718867933204486e-01 /                  nan + F(                 nan)) =                  nan
x254 = F_(1.520637857506979193e-01 / 2.410000000000000009e+00 + F(2.410000000000000009e+00)) = 2.067818584829447470e+00
x1   = F_(1.520637857506979193e-01 /                  nan + F(                 nan)) =                  nan
x254 = F_(1.489059776939105852e-01 / 2.420000000000000009e+00 + F(2.420000000000000009e+00)) = 2.079715824438608252e+00
x1   = F_(1.489059776939105852e-01 /                  nan + F(                 nan)) =                  nan
x254 = F_(1.457980915769412229e-01 / 2.430000000000000009e+00 + F(2.430000000000000009e+00)) = 2.091590605467929187e+00
x1   = F_(1.457980915769412229e-01 /                  nan + F(                 nan)) =                  nan
x254 = F_(1.427397480551646110e-01 / 2.440000000000000009e+00 + F(2.440000000000000009e+00)) = 2.103443343225054551e+00
x1   = F_(1.427397480551646110e-01 /                  nan + F(                 nan)) =                  nan
x254 = F_(1.397305598205745971e-01 / 2.450000000000000009e+00 + F(2.450000000000000009e+00)) = 2.115274442433629165e+00
x1   = F_(1.397305598205745971e-01 /                  nan + F(                 nan)) =                  nan
x254 = F_(1.367701319344132000e-01 / 2.460000000000000010e+00 + F(2.460000000000000010e+00)) = 2.127084297581066874e+00
x1   = F_(1.367701319344132000e-01 /                  nan + F(                 nan)) =                  nan
x254 = F_(1.338580621570286443e-01 / 2.470000000000000010e+00 + F(2.470000000000000010e+00)) = 2.138873293252208541e+00
x1   = F_(1.338580621570286443e-01 /                  nan + F(                 nan)) =                  nan
x254 = F_(1.309939412748011618e-01 / 2.480000000000000010e+00 + F(2.480000000000000010e+00)) = 2.150641804449554328e+00
x1   = F_(1.309939412748011618e-01 /                  nan + F(                 nan)) =                  nan
x254 = F_(1.281773534239762293e-01 / 2.490000000000000010e+00 + F(2.490000000000000010e+00)) = 2.162390196900716433e+00
x1   = F_(1.281773534239762293e-01 /                  nan + F(                 nan)) =                  nan
x254 = F_(1.254078764112548214e-01 / 2.500000000000000010e+00 + F(2.500000000000000010e+00)) = 2.174118827353701544e+00
x1   = F_(1.254078764112548214e-01 /                  nan + F(                 nan)) =                  nan
x254 = F_(1.226850820309943966e-01 / 2.510000000000000011e+00 + F(2.510000000000000011e+00)) = 2.185828043860599923e+00
x1   = F_(1.226850820309943966e-01 /                  nan + F(                 nan)) =                  nan
x254 = F_(1.200085363788807968e-01 / 2.520000000000000011e+00 + F(2.520000000000000011e+00)) = 2.197518186050224198e+00
x1   = F_(1.200085363788807968e-01 /                  nan + F(                 nan)) =                  nan
x254 = F_(1.173778001619371663e-01 / 2.530000000000000011e+00 + F(2.530000000000000011e+00)) = 2.209189585390209931e+00
x1   = F_(1.173778001619371663e-01 /                  nan + F(                 nan)) =                  nan
x254 = F_(1.147924290047425697e-01 / 2.540000000000000011e+00 + F(2.540000000000000011e+00)) = 2.220842565439069993e+00
x1   = F_(1.147924290047425697e-01 /                  nan + F(                 nan)) =                  nan
x254 = F_(1.122519737517383225e-01 / 2.550000000000000011e+00 + F(2.550000000000000011e+00)) = 2.232477442088657504e+00
x1   = F_(1.122519737517383225e-01 /                  nan + F(                 nan)) =                  nan
x254 = F_(1.097559807655063378e-01 / 2.560000000000000012e+00 + F(2.560000000000000012e+00)) = 2.244094523797475205e+00
x1   = F_(1.097559807655063378e-01 /                  nan + F(                 nan)) =                  nan
x254 = F_(1.073039922209093585e-01 / 2.570000000000000012e+00 + F(2.570000000000000012e+00)) = 2.255694111815242042e+00
x1   = F_(1.073039922209093585e-01 /                  nan + F(                 nan)) =                  nan
x254 = F_(1.048955463949892854e-01 / 2.580000000000000012e+00 + F(2.580000000000000012e+00)) = 2.267276500399114880e+00
x1   = F_(1.048955463949892854e-01 /                  nan + F(                 nan)) =                  nan
x254 = F_(1.025301779525256140e-01 / 2.590000000000000012e+00 + F(2.590000000000000012e+00)) = 2.278841977021923260e+00
x1   = F_(1.025301779525256140e-01 /                  nan + F(                 nan)) =                  nan
x254 = F_(1.002074182271611045e-01 / 2.600000000000000012e+00 + F(2.600000000000000012e+00)) = 2.290390822572780039e+00
x1   = F_(1.002074182271611045e-01 /                  nan + F(                 nan)) =                  nan
x254 = F_(9.792679549800800209e-02 / 2.610000000000000013e+00 + F(2.610000000000000013e+00)) = 2.301923311550397866e+00
x1   = F_(9.792679549800800209e-02 /                  nan + F(                 nan)) =                  nan
x254 = F_(9.568783526165422136e-02 / 2.620000000000000013e+00 + F(2.620000000000000013e+00)) = 2.313439712249425906e+00
x1   = F_(9.568783526165422136e-02 /                  nan + F(                 nan)) =                  nan
x254 = F_(9.349006049949342814e-02 / 2.630000000000000013e+00 + F(2.630000000000000013e+00)) = 2.324940286940105239e+00
x1   = F_(9.349006049949342814e-02 /                  nan + F(                 nan)) =                  nan
x254 = F_(9.133299194030930515e-02 / 2.640000000000000013e+00 + F(2.640000000000000013e+00)) = 2.336425292041537816e+00
x1   = F_(9.133299194030930515e-02 /                  nan + F(                 nan)) =                  nan
x254 = F_(8.921614831804934593e-02 / 2.650000000000000014e+00 + F(2.650000000000000014e+00)) = 2.347894978288829204e+00
x1   = F_(8.921614831804934593e-02 /                  nan + F(                 nan)) =                  nan
x254 = F_(8.713904662472918888e-02 / 2.660000000000000014e+00 + F(2.660000000000000014e+00)) = 2.359349590894369797e+00
x1   = F_(8.713904662472918888e-02 /                  nan + F(                 nan)) =                  nan
x254 = F_(8.510120235841310612e-02 / 2.670000000000000014e+00 + F(2.670000000000000014e+00)) = 2.370789369703495630e+00
x1   = F_(8.510120235841310612e-02 /                  nan + F(                 nan)) =                  nan
x254 = F_(8.310212976622252856e-02 / 2.680000000000000014e+00 + F(2.680000000000000014e+00)) = 2.382214549344766841e+00
x1   = F_(8.310212976622252856e-02 /                  nan + F(                 nan)) =                  nan
x254 = F_(8.114134208232848285e-02 / 2.690000000000000014e+00 + F(2.690000000000000014e+00)) = 2.393625359375077810e+00
x1   = F_(8.114134208232848285e-02 /                  nan + F(                 nan)) =                  nan
x254 = F_(7.921835176088957389e-02 / 2.700000000000000015e+00 + F(2.700000000000000015e+00)) = 2.405022024419821047e+00
x1   = F_(7.921835176088957389e-02 /                  nan + F(                 nan)) =                  nan
x254 = F_(7.733267070390173709e-02 / 2.710000000000000015e+00 + F(2.710000000000000015e+00)) = 2.416404764308296649e+00
x1   = F_(7.733267070390173709e-02 /                  nan + F(                 nan)) =                  nan
x254 = F_(7.548381048393111260e-02 / 2.720000000000000015e+00 + F(2.720000000000000015e+00)) = 2.427773794204561852e+00
x1   = F_(7.548381048393111260e-02 /                  nan + F(                 nan)) =                  nan
x254 = F_(7.367128256170558250e-02 / 2.730000000000000015e+00 + F(2.730000000000000015e+00)) = 2.439129324733907644e+00
x1   = F_(7.367128256170558250e-02 /                  nan + F(                 nan)) =                  nan
x254 = F_(7.189459849854593370e-02 / 2.740000000000000015e+00 + F(2.740000000000000015e+00)) = 2.450471562105129841e+00
x1   = F_(7.189459849854593370e-02 /                  nan + F(                 nan)) =                  nan
x254 = F_(7.015327016362105959e-02 / 2.750000000000000016e+00 + F(2.750000000000000016e+00)) = 2.461800708228766066e+00
x1   = F_(7.015327016362105959e-02 /                  nan + F(                 nan)) =                  nan
x254 = F_(6.844680993601750248e-02 / 2.760000000000000016e+00 + F(2.760000000000000016e+00)) = 2.473116960831454936e+00
x1   = F_(6.844680993601750248e-02 /                  nan + F(                 nan)) =                  nan
x254 = F_(6.677473090161640976e-02 / 2.770000000000000016e+00 + F(2.770000000000000016e+00)) = 2.484420513566567568e+00
x1   = F_(6.677473090161640976e-02 /                  nan + F(                 nan)) =                  nan
x254 = F_(6.513654704477633495e-02 / 2.780000000000000016e+00 + F(2.780000000000000016e+00)) = 2.495711556121260166e+00
x1   = F_(6.513654704477633495e-02 /                  nan + F(                 nan)) =                  nan
x254 = F_(6.353177343482378721e-02 / 2.790000000000000016e+00 + F(2.790000000000000016e+00)) = 2.506990274320078704e+00
x1   = F_(6.353177343482378721e-02 /                  nan + F(                 nan)) =                  nan
x254 = F_(6.195992640735803252e-02 / 2.800000000000000017e+00 + F(2.800000000000000017e+00)) = 2.518256850225255139e+00
x1   = F_(6.195992640735803252e-02 /                  nan + F(                 nan)) =                  nan
x254 = F_(6.042052374037950738e-02 / 2.810000000000000017e+00 + F(2.810000000000000017e+00)) = 2.529511462233814623e+00
x1   = F_(6.042052374037950738e-02 /                  nan + F(                 nan)) =                  nan
x254 = F_(5.891308482525640015e-02 / 2.820000000000000017e+00 + F(2.820000000000000017e+00)) = 2.540754285171618498e+00
x1   = F_(5.891308482525640015e-02 /                  nan + F(                 nan)) =                  nan
x254 = F_(5.743713083254630941e-02 / 2.830000000000000017e+00 + F(2.830000000000000017e+00)) = 2.551985490384454547e+00
x1   = F_(5.743713083254630941e-02 /                  nan + F(                 nan)) =                  nan
x254 = F_(5.599218487269427842e-02 / 2.840000000000000017e+00 + F(2.840000000000000017e+00)) = 2.563205245826287282e+00
x1   = F_(5.599218487269427842e-02 /                  nan + F(                 nan)) =                  nan
x254 = F_(5.457777215163145699e-02 / 2.850000000000000018e+00 + F(2.850000000000000018e+00)) = 2.574413716144773989e+00
x1   = F_(5.457777215163145699e-02 /                  nan + F(                 nan)) =                  nan
x254 = F_(5.319342012130258452e-02 / 2.860000000000000018e+00 + F(2.860000000000000018e+00)) = 2.585611062764141099e+00
x1   = F_(5.319342012130258452e-02 /                  nan + F(                 nan)) =                  nan
x254 = F_(5.183865862515271864e-02 / 2.870000000000000018e+00 + F(2.870000000000000018e+00)) = 2.596797443965527030e+00
x1   = F_(5.183865862515271864e-02 /                  nan + F(                 nan)) =                  nan
x254 = F_(5.051302003860779850e-02 / 2.880000000000000018e+00 + F(2.880000000000000018e+00)) = 2.607973014964877212e+00
x1   = F_(5.051302003860779850e-02 /                  nan + F(                 nan)) =                  nan
x254 = F_(4.921603940458594721e-02 / 2.890000000000000019e+00 + F(2.890000000000000019e+00)) = 2.619137927988478776e+00
x1   = F_(4.921603940458594721e-02 /                  nan + F(                 nan)) =                  nan
x254 = F_(4.794725456407952899e-02 / 2.900000000000000019e+00 + F(2.900000000000000019e+00)) = 2.630292332346225948e+00
x1   = F_(4.794725456407952899e-02 /                  nan + F(                 nan)) =                  nan
x254 = F_(4.670620628185054236e-02 / 2.910000000000000019e+00 + F(2.910000000000000019e+00)) = 2.641436374502688977e+00
x1   = F_(4.670620628185054236e-02 /                  nan + F(                 nan)) =                  nan
x254 = F_(4.549243836728491467e-02 / 2.920000000000000019e+00 + F(2.920000000000000019e+00)) = 2.652570198146074976e+00
x1   = F_(4.549243836728491467e-02 /                  nan + F(                 nan)) =                  nan
x254 = F_(4.430549779045367061e-02 / 2.930000000000000019e+00 + F(2.930000000000000019e+00)) = 2.663693944255142387e+00
x1   = F_(4.430549779045367061e-02 /                  nan + F(                 nan)) =                  nan
x254 = F_(4.314493479343081634e-02 / 2.940000000000000020e+00 + F(2.940000000000000020e+00)) = 2.674807751164152592e+00
x1   = F_(4.314493479343081634e-02 /                  nan + F(                 nan)) =                  nan
x254 = F_(4.201030299692136621e-02 / 2.950000000000000020e+00 + F(2.950000000000000020e+00)) = 2.685911754625920800e+00
x1   = F_(4.201030299692136621e-02 /                  nan + F(                 nan)) =                  nan
x254 = F_(4.090115950225376140e-02 / 2.960000000000000020e+00 + F(2.960000000000000020e+00)) = 2.697006087873029312e+00
x1   = F_(4.090115950225376140e-02 /                  nan + F(                 nan)) =                  nan
x254 = F_(3.981706498879359006e-02 / 2.970000000000000020e+00 + F(2.970000000000000020e+00)) = 2.708090881677279071e+00
x1   = F_(3.981706498879359006e-02 /                  nan + F(                 nan)) =                  nan
x254 = F_(3.875758380683819914e-02 / 2.980000000000000020e+00 + F(2.980000000000000020e+00)) = 2.719166264407423039e+00
x1   = F_(3.875758380683819914e-02 /                  nan + F(                 nan)) =                  nan
x254 = F_(3.772228406605216046e-02 / 2.990000000000000021e+00 + F(2.990000000000000021e+00)) = 2.730232362085252440e+00
x1   = F_(3.772228406605216046e-02 /                  nan + F(                 nan)) =                  nan
x254 = F_(3.671073771950670806e-02 / 3.000000000000000021e+00 + F(3.000000000000000021e+00)) = 2.741289298440087840e+00
x1   = F_(3.671073771950670806e-02 /                  nan + F(                 nan)) =                  nan
x254 = F_(3.572252064338734879e-02 / 3.010000000000000021e+00 + F(3.010000000000000021e+00)) = 2.752337194961725686e+00
x1   = F_(3.572252064338734879e-02 /                  nan + F(                 nan)) =                  nan
x254 = F_(3.475721271243511477e-02 / 3.020000000000000021e+00 + F(3.020000000000000021e+00)) = 2.763376170951899802e+00
x1   = F_(3.475721271243511477e-02 /                  nan + F(                 nan)) =                  nan
x254 = F_(3.381439787118911059e-02 / 3.030000000000000021e+00 + F(3.030000000000000021e+00)) = 2.774406343574295608e+00
x1   = F_(3.381439787118911059e-02 /                  nan + F(                 nan)) =                  nan
x254 = F_(3.289366420109874185e-02 / 3.040000000000000022e+00 + F(3.040000000000000022e+00)) = 2.785427827903180553e+00
x1   = F_(3.289366420109874185e-02 /                  nan + F(                 nan)) =                  nan
x254 = F_(3.199460398357571448e-02 / 3.050000000000000022e+00 + F(3.050000000000000022e+00)) = 2.796440736970678298e+00
x1   = F_(3.199460398357571448e-02 /                  nan + F(                 nan)) =                  nan
x254 = F_(3.111681375905653864e-02 / 3.060000000000000022e+00 + F(3.060000000000000022e+00)) = 2.807445181812748380e+00
x1   = F_(3.111681375905653864e-02 /                  nan + F(                 nan)) =                  nan
x254 = F_(3.025989438214797891e-02 / 3.070000000000000022e+00 + F(3.070000000000000022e+00)) = 2.818441271513900670e+00
x1   = F_(3.025989438214797891e-02 /                  nan + F(                 nan)) =                  nan
x254 = F_(2.942345107292845247e-02 / 3.080000000000000022e+00 + F(3.080000000000000022e+00)) = 2.829429113250693462e+00
x1   = F_(2.942345107292845247e-02 /                  nan + F(                 nan)) =                  nan
x254 = F_(2.860709346447911926e-02 / 3.090000000000000023e+00 + F(3.090000000000000023e+00)) = 2.840408812334052513e+00
x1   = F_(2.860709346447911926e-02 /                  nan + F(                 nan)) =                  nan
x254 = F_(2.781043564671986271e-02 / 3.100000000000000023e+00 + F(3.100000000000000023e+00)) = 2.851380472250441667e+00
x1   = F_(2.781043564671986271e-02 /                  nan + F(                 nan)) =                  nan
x254 = F_(2.703309620662518732e-02 / 3.110000000000000023e+00 + F(3.110000000000000023e+00)) = 2.862344194701938349e+00
x1   = F_(2.703309620662518732e-02 /                  nan + F(                 nan)) =                  nan
x254 = F_(2.627469826489650079e-02 / 3.120000000000000023e+00 + F(3.120000000000000023e+00)) = 2.873300079645228600e+00
x1   = F_(2.627469826489650079e-02 /                  nan + F(                 nan)) =                  nan
x254 = F_(2.553486950916701509e-02 / 3.130000000000000024e+00 + F(3.130000000000000024e+00)) = 2.884248225329571813e+00
x1   = F_(2.553486950916701509e-02 /                  nan + F(                 nan)) =                  nan
x254 = F_(2.481324222381667891e-02 / 3.140000000000000024e+00 + F(3.140000000000000024e+00)) = 2.895188728333760064e+00
x1   = F_(2.481324222381667891e-02 /                  nan + F(                 nan)) =                  nan
x254 = F_(2.410945331647437215e-02 / 3.150000000000000024e+00 + F(3.150000000000000024e+00)) = 2.906121683602102657e+00
x1   = F_(2.410945331647437215e-02 /                  nan + F(                 nan)) =                  nan
x254 = F_(2.342314434128512273e-02 / 3.160000000000000024e+00 + F(3.160000000000000024e+00)) = 2.917047184479470978e+00
x1   = F_(2.342314434128512273e-02 /                  nan + F(                 nan)) =                  nan
x254 = F_(2.275396151902035361e-02 / 3.170000000000000024e+00 + F(3.170000000000000024e+00)) = 2.927965322745428534e+00
x1   = F_(2.275396151902035361e-02 /                  nan + F(                 nan)) =                  nan
x254 = F_(2.210155575410907385e-02 / 3.180000000000000025e+00 + F(3.180000000000000025e+00)) = 2.938876188647476795e+00
x1   = F_(2.210155575410907385e-02 /                  nan + F(                 nan)) =                  nan
x254 = F_(2.146558264866836516e-02 / 3.190000000000000025e+00 + F(3.190000000000000025e+00)) = 2.949779870933443071e+00
x1   = F_(2.146558264866836516e-02 /                  nan + F(                 nan)) =                  nan
x254 = F_(2.084570251361101053e-02 / 3.200000000000000025e+00 + F(3.200000000000000025e+00)) = 2.960676456883033936e+00
x1   = F_(2.084570251361101053e-02 /                  nan + F(                 nan)) =                  nan
x254 = F_(2.024158037690870071e-02 / 3.210000000000000025e+00 + F(3.210000000000000025e+00)) = 2.971566032338588847e+00
x1   = F_(2.024158037690870071e-02 /                  nan + F(                 nan)) =                  nan
x254 = F_(1.965288598908836132e-02 / 3.220000000000000025e+00 + F(3.220000000000000025e+00)) = 2.982448681735041518e+00
x1   = F_(1.965288598908836132e-02 /                  nan + F(                 nan)) =                  nan
x254 = F_(1.907929382603954038e-02 / 3.230000000000000026e+00 + F(3.230000000000000026e+00)) = 2.993324488129132543e+00
x1   = F_(1.907929382603954038e-02 /                  nan + F(                 nan)) =                  nan
x254 = F_(1.852048308921031761e-02 / 3.240000000000000026e+00 + F(3.240000000000000026e+00)) = 3.004193533227879076e+00
x1   = F_(1.852048308921031761e-02 /                  nan + F(                 nan)) =                  nan
x254 = F_(1.797613770326868023e-02 / 3.250000000000000026e+00 + F(3.250000000000000026e+00)) = 3.015055897416334396e+00
x1   = F_(1.797613770326868023e-02 /                  nan + F(                 nan)) =                  nan
x254 = F_(1.744594631130628801e-02 / 3.260000000000000026e+00 + F(3.260000000000000026e+00)) = 3.025911659784651597e+00
x1   = F_(1.744594631130628801e-02 /                  nan + F(                 nan)) =                  nan
x254 = F_(1.692960226766094176e-02 / 3.270000000000000026e+00 + F(3.270000000000000026e+00)) = 3.036760898154476251e+00
x1   = F_(1.692960226766094176e-02 /                  nan + F(                 nan)) =                  nan
x254 = F_(1.642680362843334180e-02 / 3.280000000000000027e+00 + F(3.280000000000000027e+00)) = 3.047603689104687152e+00
x1   = F_(1.642680362843334180e-02 /                  nan + F(                 nan)) =                  nan
x254 = F_(1.593725313977376621e-02 / 3.290000000000000027e+00 + F(3.290000000000000027e+00)) = 3.058440107996500235e+00
x1   = F_(1.593725313977376621e-02 /                  nan + F(                 nan)) =                  nan
x254 = F_(1.546065822401300763e-02 / 3.300000000000000027e+00 + F(3.300000000000000027e+00)) = 3.069270228997960537e+00
x1   = F_(1.546065822401300763e-02 /                  nan + F(                 nan)) =                  nan
x254 = F_(1.499673096371190547e-02 / 3.310000000000000027e+00 + F(3.310000000000000027e+00)) = 3.080094125107834646e+00
x1   = F_(1.499673096371190547e-02 /                  nan + F(                 nan)) =                  nan
x254 = F_(1.454518808370260646e-02 / 3.320000000000000027e+00 + F(3.320000000000000027e+00)) = 3.090911868178922273e+00
x1   = F_(1.454518808370260646e-02 /                  nan + F(                 nan)) =                  nan
x254 = F_(1.410575093119428313e-02 / 3.330000000000000028e+00 + F(3.330000000000000028e+00)) = 3.101723528940807384e+00
x1   = F_(1.410575093119428313e-02 /                  nan + F(                 nan)) =                  nan
x254 = F_(1.367814545401536710e-02 / 3.340000000000000028e+00 + F(3.340000000000000028e+00)) = 3.112529177022054672e+00
x1   = F_(1.367814545401536710e-02 /                  nan + F(                 nan)) =                  nan
x254 = F_(1.326210217706293849e-02 / 3.350000000000000028e+00 + F(3.350000000000000028e+00)) = 3.123328880971883770e+00
x1   = F_(1.326210217706293849e-02 /                  nan + F(                 nan)) =                  nan
x254 = F_(1.285735617702998759e-02 / 3.360000000000000028e+00 + F(3.360000000000000028e+00)) = 3.134122708281317227e+00
x1   = F_(1.285735617702998759e-02 /                  nan + F(                 nan)) =                  nan
x254 = F_(1.246364705547952867e-02 / 3.370000000000000029e+00 + F(3.370000000000000029e+00)) = 3.144910725403831986e+00
x1   = F_(1.246364705547952867e-02 /                  nan + F(                 nan)) =                  nan
x254 = F_(1.208071891033420169e-02 / 3.380000000000000029e+00 + F(3.380000000000000029e+00)) = 3.155692997775518371e+00
x1   = F_(1.208071891033420169e-02 /                  nan + F(                 nan)) =                  nan
x254 = F_(1.170832030584885713e-02 / 3.390000000000000029e+00 + F(3.390000000000000029e+00)) = 3.166469589834767451e+00
x1   = F_(1.170832030584885713e-02 /                  nan + F(                 nan)) =                  nan
x254 = F_(1.134620424113255214e-02 / 3.400000000000000029e+00 + F(3.400000000000000029e+00)) = 3.177240565041494769e+00
x1   = F_(1.134620424113255214e-02 /                  nan + F(                 nan)) =                  nan
x254 = F_(1.099412811728563140e-02 / 3.410000000000000029e+00 + F(3.410000000000000029e+00)) = 3.188005985895915551e+00
x1   = F_(1.099412811728563140e-02 /                  nan + F(                 nan)) =                  nan
x254 = F_(1.065185370321632175e-02 / 3.420000000000000030e+00 + F(3.420000000000000030e+00)) = 3.198765913956884699e+00
x1   = F_(1.065185370321632175e-02 /                  nan + F(                 nan)) =                  nan
x254 = F_(1.031914710020040321e-02 / 3.430000000000000030e+00 + F(3.430000000000000030e+00)) = 3.209520409859808243e+00
x1   = F_(1.031914710020040321e-02 /                  nan + F(                 nan)) =                  nan
x254 = F_(9.995778705246268890e-03 / 3.440000000000000030e+00 + F(3.440000000000000030e+00)) = 3.220269533334148448e+00
x1   = F_(9.995778705246268890e-03 /                  nan + F(                 nan)) =                  nan
x254 = F_(9.681523173326785848e-03 / 3.450000000000000030e+00 + F(3.450000000000000030e+00)) = 3.231013343220519918e+00
x1   = F_(9.681523173326785848e-03 /                  nan + F(                 nan)) =                  nan
x254 = F_(9.376159378538148585e-03 / 3.460000000000000030e+00 + F(3.460000000000000030e+00)) = 3.241751897487399336e+00
x1   = F_(9.376159378538148585e-03 /                  nan + F(                 nan)) =                  nan
x254 = F_(9.079470374244852098e-03 / 3.470000000000000031e+00 + F(3.470000000000000031e+00)) = 3.252485253247454189e+00
x1   = F_(9.079470374244852098e-03 /                  nan + F(                 nan)) =                  nan
x254 = F_(8.791243352268715939e-03 / 3.480000000000000031e+00 + F(3.480000000000000031e+00)) = 3.263213466773498883e+00
x1   = F_(8.791243352268715939e-03 /                  nan + F(                 nan)) =                  nan
x254 = F_(8.511269601178810468e-03 / 3.490000000000000031e+00 + F(3.490000000000000031e+00)) = 3.273936593514094273e+00
x1   = F_(8.511269601178810468e-03 /                  nan + F(                 nan)) =                  nan
x254 = F_(8.239344463737961592e-03 / 3.500000000000000031e+00 + F(3.500000000000000031e+00)) = 3.284654688108793685e+00
x1   = F_(8.239344463737961592e-03 /                  nan + F(                 nan)) =                  nan
x254 = F_(7.975267293560322326e-03 / 3.510000000000000031e+00 + F(3.510000000000000031e+00)) = 3.295367804403046552e+00
x1   = F_(7.975267293560322326e-03 /                  nan + F(                 nan)) =                  nan
x254 = F_(7.718841411033282374e-03 / 3.520000000000000032e+00 + F(3.520000000000000032e+00)) = 3.306075995462774753e+00
x1   = F_(7.718841411033282374e-03 /                  nan + F(                 nan)) =                  nan
x254 = F_(7.469874058555910175e-03 / 3.530000000000000032e+00 + F(3.530000000000000032e+00)) = 3.316779313588618106e+00
x1   = F_(7.469874058555910175e-03 /                  nan + F(                 nan)) =                  nan
x254 = F_(7.228176355144851065e-03 / 3.540000000000000032e+00 + F(3.540000000000000032e+00)) = 3.327477810329870778e+00
x1   = F_(7.228176355144851065e-03 /                  nan + F(                 nan)) =                  nan
x254 = F_(6.993563250457377295e-03 / 3.550000000000000032e+00 + F(3.550000000000000032e+00)) = 3.338171536498107272e+00
x1   = F_(6.993563250457377295e-03 /                  nan + F(                 nan)) =                  nan
x254 = F_(6.765853478280193037e-03 / 3.560000000000000032e+00 + F(3.560000000000000032e+00)) = 3.348860542180509992e+00
x1   = F_(6.765853478280193037e-03 /                  nan + F(                 nan)) =                  nan
x254 = F_(6.544869509531309245e-03 / 3.570000000000000033e+00 + F(3.570000000000000033e+00)) = 3.359544876752904141e+00
x1   = F_(6.544869509531309245e-03 /                  nan + F(                 nan)) =                  nan
x254 = F_(6.330437504821119870e-03 / 3.580000000000000033e+00 + F(3.580000000000000033e+00)) = 3.370224588892514639e+00
x1   = F_(6.330437504821119870e-03 /                  nan + F(                 nan)) =                  nan
x254 = F_(6.122387266617654546e-03 / 3.590000000000000033e+00 + F(3.590000000000000033e+00)) = 3.380899726590436138e+00
x1   = F_(6.122387266617654546e-03 /                  nan + F(                 nan)) =                  nan
x254 = F_(5.920552191059682746e-03 / 3.600000000000000033e+00 + F(3.600000000000000033e+00)) = 3.391570337163843707e+00
x1   = F_(5.920552191059682746e-03 /                  nan + F(                 nan)) =                  nan
x254 = F_(5.724769219460295952e-03 / 3.610000000000000034e+00 + F(3.610000000000000034e+00)) = 3.402236467267933939e+00
x1   = F_(5.724769219460295952e-03 /                  nan + F(                 nan)) =                  nan
x254 = F_(5.534878789542202691e-03 / 3.620000000000000034e+00 + F(3.620000000000000034e+00)) = 3.412898162907615163e+00
x1   = F_(5.534878789542202691e-03 /                  nan + F(                 nan)) =                  nan
x254 = F_(5.350724786445037044e-03 / 3.630000000000000034e+00 + F(3.630000000000000034e+00)) = 3.423555469448941402e+00
x1   = F_(5.350724786445037044e-03 /                  nan + F(                 nan)) =                  nan
x254 = F_(5.172154493543514931e-03 / 3.640000000000000034e+00 + F(3.640000000000000034e+00)) = 3.434208431630310532e+00
x1   = F_(5.172154493543514931e-03 /                  nan + F(                 nan)) =                  nan
x254 = F_(4.999018543114355169e-03 / 3.650000000000000034e+00 + F(3.650000000000000034e+00)) = 3.444857093573419515e+00
x1   = F_(4.999018543114355169e-03 /                  nan + F(                 nan)) =                  nan
x254 = F_(4.831170866888488501e-03 / 3.660000000000000035e+00 + F(3.660000000000000035e+00)) = 3.455501498793992710e+00
x1   = F_(4.831170866888488501e-03 / 4.637658158630350025e-01 + F(4.637658158630350025e-01)) = 4.381920703748648505e-01
x254 = F_(4.831170866888488501e-03 / 3.660000000000000035e+00 + F(3.660000000000000035e+00)) = 3.455501498793992710e+00
x1   = F_(4.831170866888488501e-03 / 4.637658158630350025e-01 + F(4.637658158630350025e-01)) = 4.381920703748648505e-01
x254 = F_(4.847721757740670457e-03 / 3.659000000000000035e+00 + F(3.659000000000000035e+00)) = 3.454437248596602394e+00
x1   = F_(4.847721757740670457e-03 / 4.417497920661881405e-01 + F(4.417497920661881405e-01)) = 4.136312761054293241e-01
x254 = F_(4.864324241877086591e-03 / 3.658000000000000035e+00 + F(3.658000000000000035e+00)) = 3.453372956219017631e+00
x1   = F_(4.864324241877086591e-03 / 4.175814458571625587e-01 + F(4.175814458571625587e-01)) = 3.861533553594269086e-01
x254 = F_(4.880978460984173085e-03 / 3.657000000000000034e+00 + F(3.657000000000000034e+00)) = 3.452308621618525475e+00
x1   = F_(4.880978460984173085e-03 / 3.906239832893214081e-01 + F(3.906239832893214081e-01)) = 3.546765138561094322e-01
x254 = F_(4.897684557069399487e-03 / 3.656000000000000034e+00 + F(3.656000000000000034e+00)) = 3.451244244752353918e+00
x1   = F_(4.897684557069399487e-03 / 3.598777006662176037e-01 + F(3.598777006662176037e-01)) = 3.173031207837196388e-01
x254 = F_(4.914442672461756846e-03 / 3.655000000000000034e+00 + F(3.655000000000000034e+00)) = 3.450179825577672776e+00
x1   = F_(4.914442672461756846e-03 / 3.236209605993099481e-01 + F(3.236209605993099481e-01)) = 2.701471926984687077e-01
x254 = F_(4.931252949812261152e-03 / 3.654000000000000034e+00 + F(3.654000000000000034e+00)) = 3.449115364051591914e+00
x1   = F_(4.931252949812261152e-03 / 2.784335420074879885e-01 + F(2.784335420074879885e-01)) = 2.025801142218614515e-01
x254 = F_(4.948115532094429230e-03 / 3.653000000000000034e+00 + F(3.653000000000000034e+00)) = 3.448050860131163908e+00
x1   = F_(4.948115532094429230e-03 / 2.155285921796628035e-01 + F(2.155285921796628035e-01)) = 1.082686979892387739e-03
x254 = F_(4.965030562604807163e-03 / 3.652000000000000034e+00 + F(3.652000000000000034e+00)) = 3.446986313773380051e+00
x1   = F_(4.965030562604807163e-03 / 8.708684957427699491e-02 + F(8.708684957427699491e-02)) =                  nan
x254 = F_(4.965030562604807163e-03 / 3.652000000000000034e+00 + F(3.652000000000000034e+00)) = 3.446986313773380051e+00
x1   = F_(4.965030562604807163e-03 / 8.708684957427699491e-02 + F(8.708684957427699491e-02)) =                  nan
x254 = F_(4.963336695292864622e-03 / 3.652100000000000034e+00 + F(3.652100000000000034e+00)) = 3.447092770320066446e+00
x1   = F_(4.963336695292864622e-03 / 1.099505821405005607e-01 + F(1.099505821405005607e-01)) =                  nan
x254 = F_(4.961643353755375983e-03 / 3.652200000000000034e+00 + F(3.652200000000000034e+00)) = 3.447199226441991726e+00
x1   = F_(4.961643353755375983e-03 / 1.280991077422371782e-01 + F(1.280991077422371782e-01)) =                  nan
x254 = F_(4.959950537848599866e-03 / 3.652300000000000035e+00 + F(3.652300000000000035e+00)) = 3.447305682139198968e+00
x1   = F_(4.959950537848599866e-03 / 1.434182582124560179e-01 + F(1.434182582124560179e-01)) =                  nan
x254 = F_(4.958258247428842281e-03 / 3.652400000000000035e+00 + F(3.652400000000000035e+00)) = 3.447412137411731248e+00
x1   = F_(4.958258247428842281e-03 / 1.568015281852024601e-01 + F(1.568015281852024601e-01)) =                  nan
x254 = F_(4.956566482352428923e-03 / 3.652500000000000035e+00 + F(3.652500000000000035e+00)) = 3.447518592259631642e+00
x1   = F_(4.956566482352428923e-03 / 1.687572762023236694e-01 + F(1.687572762023236694e-01)) =                  nan
x254 = F_(4.954875242475724970e-03 / 3.652600000000000035e+00 + F(3.652600000000000035e+00)) = 3.447625046682943672e+00
x1   = F_(4.954875242475724970e-03 / 1.796075813089680895e-01 + F(1.796075813089680895e-01)) =                  nan
x254 = F_(4.953184527655128751e-03 / 3.652700000000000035e+00 + F(3.652700000000000035e+00)) = 3.447731500681709527e+00
x1   = F_(4.953184527655128751e-03 / 1.895716283150362669e-01 + F(1.895716283150362669e-01)) =                  nan
x254 = F_(4.951494337747068591e-03 / 3.652800000000000035e+00 + F(3.652800000000000035e+00)) = 3.447837954255972726e+00
x1   = F_(4.951494337747068591e-03 / 1.988064191220947075e-01 + F(1.988064191220947075e-01)) =                  nan
x254 = F_(4.949804672608003602e-03 / 3.652900000000000035e+00 + F(3.652900000000000035e+00)) = 3.447944407405776790e+00
x1   = F_(4.949804672608003602e-03 / 2.074288421720816844e-01 + F(2.074288421720816844e-01)) =                  nan
x254 = F_(4.948115532094429230e-03 / 3.653000000000000035e+00 + F(3.653000000000000035e+00)) = 3.448050860131163908e+00
x1   = F_(4.948115532094429230e-03 / 2.155285921796628035e-01 + F(2.155285921796628035e-01)) = 1.082686979892387739e-03
x254 = F_(4.948115532094429230e-03 / 3.653000000000000035e+00 + F(3.653000000000000035e+00)) = 3.448050860131163908e+00
x1   = F_(4.948115532094429230e-03 / 2.155285921796628035e-01 + F(2.155285921796628035e-01)) = 1.082686979892387739e-03
x254 = F_(4.948284422541729064e-03 / 3.652990000000000035e+00 + F(3.652990000000000035e+00)) = 3.448040214877722498e+00
x1   = F_(4.948284422541729064e-03 / 2.147400042672862885e-01 + F(2.147400042672862885e-01)) =                  nan
x254 = F_(4.948284422541729064e-03 / 3.652990000000000035e+00 + F(3.652990000000000035e+00)) = 3.448040214877722498e+00
x1   = F_(4.948284422541729064e-03 / 2.147400042672862885e-01 + F(2.147400042672862885e-01)) =                  nan
x254 = F_(4.948267533260080956e-03 / 3.652991000000000035e+00 + F(3.652991000000000035e+00)) = 3.448041279403284864e+00
x1   = F_(4.948267533260080956e-03 / 2.148190678099536344e-01 + F(2.148190678099536344e-01)) =                  nan
x254 = F_(4.948250644031877264e-03 / 3.652992000000000035e+00 + F(3.652992000000000035e+00)) = 3.448042343928774844e+00
x1   = F_(4.948250644031877264e-03 / 2.148980856794525940e-01 + F(2.148980856794525940e-01)) =                  nan
x254 = F_(4.948233754856126987e-03 / 3.652993000000000035e+00 + F(3.652993000000000035e+00)) = 3.448043408454221748e+00
x1   = F_(4.948233754856126987e-03 / 2.149770579440589691e-01 + F(2.149770579440589691e-01)) =                  nan
x254 = F_(4.948216865732821784e-03 / 3.652994000000000034e+00 + F(3.652994000000000034e+00)) = 3.448044472979626462e+00
x1   = F_(4.948216865732821784e-03 / 2.150559846673221753e-01 + F(2.150559846673221753e-01)) =                  nan
x254 = F_(4.948199976661969052e-03 / 3.652995000000000034e+00 + F(3.652995000000000034e+00)) = 3.448045537504988989e+00
x1   = F_(4.948199976661969052e-03 / 2.151348659126974261e-01 + F(2.151348659126974261e-01)) =                  nan
x254 = F_(4.948183087643564475e-03 / 3.652996000000000034e+00 + F(3.652996000000000034e+00)) = 3.448046602030308883e+00
x1   = F_(4.948183087643564475e-03 / 2.152137017433391475e-01 + F(2.152137017433391475e-01)) =                  nan
x254 = F_(4.948166198677608524e-03 / 3.652997000000000034e+00 + F(3.652997000000000034e+00)) = 3.448047666555586144e+00
x1   = F_(4.948166198677608524e-03 / 2.152924922224720705e-01 + F(2.152924922224720705e-01)) =                  nan
x254 = F_(4.948149309764100561e-03 / 3.652998000000000034e+00 + F(3.652998000000000034e+00)) = 3.448048731080821216e+00
x1   = F_(4.948149309764100561e-03 / 2.153712374130067331e-01 + F(2.153712374130067331e-01)) =                  nan
x254 = F_(4.948132420903040862e-03 / 3.652999000000000034e+00 + F(3.652999000000000034e+00)) = 3.448049795606013657e+00
x1   = F_(4.948132420903040862e-03 / 2.154499373778665794e-01 + F(2.154499373778665794e-01)) =                  nan
x254 = F_(4.948115532094429230e-03 / 3.653000000000000034e+00 + F(3.653000000000000034e+00)) = 3.448050860131163908e+00
x1   = F_(4.948115532094429230e-03 / 2.155285921796628035e-01 + F(2.155285921796628035e-01)) = 1.082686979892387739e-03
x254 = F_(4.948115532094429230e-03 / 3.653000000000000034e+00 + F(3.653000000000000034e+00)) = 3.448050860131163908e+00
x1   = F_(4.948115532094429230e-03 / 2.155285921796628035e-01 + F(2.155285921796628035e-01)) = 1.082686979892387739e-03
x254 = F_(4.948117220972932909e-03 / 3.652999900000000034e+00 + F(3.652999900000000034e+00)) = 3.448050753678650882e+00
x1   = F_(4.948117220972932909e-03 / 2.155207287300375529e-01 + F(2.155207287300375529e-01)) =                  nan
x254 = F_(4.948117220972932909e-03 / 3.652999900000000034e+00 + F(3.652999900000000034e+00)) = 3.448050753678650882e+00
x1   = F_(4.948117220972932909e-03 / 2.155207287300375529e-01 + F(2.155207287300375529e-01)) =                  nan
x254 = F_(4.948117052085057388e-03 / 3.652999910000000034e+00 + F(3.652999910000000034e+00)) = 3.448050764323901785e+00
x1   = F_(4.948117052085057388e-03 / 2.155215150952987657e-01 + F(2.155215150952987657e-01)) =                  nan
x254 = F_(4.948116883197187773e-03 / 3.652999920000000034e+00 + F(3.652999920000000034e+00)) = 3.448050774969153576e+00
x1   = F_(4.948116883197187773e-03 / 2.155223014560594119e-01 + F(2.155223014560594119e-01)) =                  nan
x254 = F_(4.948116714309327031e-03 / 3.652999930000000034e+00 + F(3.652999930000000034e+00)) = 3.448050785614404923e+00
x1   = F_(4.948116714309327031e-03 / 2.155230878122863514e-01 + F(2.155230878122863514e-01)) =                  nan
x254 = F_(4.948116545421469231e-03 / 3.652999940000000034e+00 + F(3.652999940000000034e+00)) = 3.448050796259655826e+00
x1   = F_(4.948116545421469231e-03 / 2.155238741640028155e-01 + F(2.155238741640028155e-01)) =                  nan
x254 = F_(4.948116376533616188e-03 / 3.652999950000000034e+00 + F(3.652999950000000034e+00)) = 3.448050806904907173e+00
x1   = F_(4.948116376533616188e-03 / 2.155246605112335900e-01 + F(2.155246605112335900e-01)) =                  nan
x254 = F_(4.948116207645768527e-03 / 3.652999960000000034e+00 + F(3.652999960000000034e+00)) = 3.448050817550158520e+00
x1   = F_(4.948116207645768527e-03 / 2.155254468539329338e-01 + F(2.155254468539329338e-01)) =                  nan
x254 = F_(4.948116038757927329e-03 / 3.652999970000000034e+00 + F(3.652999970000000034e+00)) = 3.448050828195409867e+00
x1   = F_(4.948116038757927329e-03 / 2.155262331921483088e-01 + F(2.155262331921483088e-01)) =                  nan
x254 = F_(4.948115869870087527e-03 / 3.652999980000000033e+00 + F(3.652999980000000033e+00)) = 3.448050838840661214e+00
x1   = F_(4.948115869870087527e-03 / 2.155270195258349453e-01 + F(2.155270195258349453e-01)) = 4.143656614170843858e-04
x254 = F_(4.948115869870087527e-03 / 3.652999980000000033e+00 + F(3.652999980000000033e+00)) = 3.448050838840661214e+00
x1   = F_(4.948115869870087527e-03 / 2.155270195258349453e-01 + F(2.155270195258349453e-01)) = 4.143656614170843858e-04
x254 = F_(4.948115886758874095e-03 / 3.652999979000000034e+00 + F(3.652999979000000034e+00)) = 3.448050837776135857e+00
x1   = F_(4.948115886758874095e-03 / 2.155269408926471786e-01 + F(2.155269408926471786e-01)) = 3.488165437191872434e-04
x254 = F_(4.948115903647655942e-03 / 3.652999978000000034e+00 + F(3.652999978000000034e+00)) = 3.448050836711610945e+00
x1   = F_(4.948115903647655942e-03 / 2.155268622594562755e-01 + F(2.155268622594562755e-01)) = 2.676696841100745261e-04
x254 = F_(4.948115920536438455e-03 / 3.652999977000000034e+00 + F(3.652999977000000034e+00)) = 3.448050835647086032e+00
x1   = F_(4.948115920536438455e-03 / 2.155267836261631764e-01 + F(2.155267836261631764e-01)) = 1.470410613230960868e-04
x254 = F_(4.948115937425224243e-03 / 3.652999976000000034e+00 + F(3.652999976000000034e+00)) = 3.448050834582560675e+00
x1   = F_(4.948115937425224243e-03 / 2.155267049928980827e-01 + F(2.155267049928980827e-01)) =                  nan
x254 = F_(4.948115937425224243e-03 / 3.652999976000000034e+00 + F(3.652999976000000034e+00)) = 3.448050834582560675e+00
x1   = F_(4.948115937425224243e-03 / 2.155267049928980827e-01 + F(2.155267049928980827e-01)) =                  nan
x254 = F_(4.948115935736342949e-03 / 3.652999976100000034e+00 + F(3.652999976100000034e+00)) = 3.448050834689013300e+00
x1   = F_(4.948115935736342949e-03 / 2.155267128562319001e-01 + F(2.155267128562319001e-01)) =                  nan
x254 = F_(4.948115934047465811e-03 / 3.652999976200000034e+00 + F(3.652999976200000034e+00)) = 3.448050834795465924e+00
x1   = F_(4.948115934047465811e-03 / 2.155267207195432910e-01 + F(2.155267207195432910e-01)) =                  nan
x254 = F_(4.948115932358588345e-03 / 3.652999976300000034e+00 + F(3.652999976300000034e+00)) = 3.448050834901918105e+00
x1   = F_(4.948115932358588345e-03 / 2.155267285828617874e-01 + F(2.155267285828617874e-01)) =                  nan
x254 = F_(4.948115930669710927e-03 / 3.652999976400000034e+00 + F(3.652999976400000034e+00)) = 3.448050835008370729e+00
x1   = F_(4.948115930669710927e-03 / 2.155267364462316593e-01 + F(2.155267364462316593e-01)) =                  nan
x254 = F_(4.948115928980829750e-03 / 3.652999976500000034e+00 + F(3.652999976500000034e+00)) = 3.448050835114823354e+00
x1   = F_(4.948115928980829750e-03 / 2.155267443095506552e-01 + F(2.155267443095506552e-01)) =                  nan
x254 = F_(4.948115927291951666e-03 / 3.652999976600000034e+00 + F(3.652999976600000034e+00)) = 3.448050835221275978e+00
x1   = F_(4.948115927291951666e-03 / 2.155267521728820579e-01 + F(2.155267521728820579e-01)) = 4.013355779078109668e-05
x254 = F_(4.948115927291951666e-03 / 3.652999976600000034e+00 + F(3.652999976600000034e+00)) = 3.448050835221275978e+00
x1   = F_(4.948115927291951666e-03 / 2.155267521728820579e-01 + F(2.155267521728820579e-01)) = 4.013355779078109668e-05
x254 = F_(4.948115927460839363e-03 / 3.652999976590000034e+00 + F(3.652999976590000034e+00)) = 3.448050835210630716e+00
x1   = F_(4.948115927460839363e-03 / 2.155267513865661566e-01 + F(2.155267513865661566e-01)) = 3.332346448358484021e-05
x254 = F_(4.948115927629726267e-03 / 3.652999976580000034e+00 + F(3.652999976580000034e+00)) = 3.448050835199985453e+00
x1   = F_(4.948115927629726267e-03 / 2.155267506002260247e-01 + F(2.155267506002260247e-01)) = 2.470200418029881576e-05
x254 = F_(4.948115927798614123e-03 / 3.652999976570000034e+00 + F(3.652999976570000034e+00)) = 3.448050835189340191e+00
x1   = F_(4.948115927798614123e-03 / 2.155267498138700444e-01 + F(2.155267498138700444e-01)) = 1.048401268272625448e-05
x254 = F_(4.948115927967505814e-03 / 3.652999976560000034e+00 + F(3.652999976560000034e+00)) = 3.448050835178694484e+00
x1   = F_(4.948115927967505814e-03 / 2.155267490275446784e-01 + F(2.155267490275446784e-01)) =                  nan
x254 = F_(4.948115927967505814e-03 / 3.652999976560000034e+00 + F(3.652999976560000034e+00)) = 3.448050835178694484e+00
x1   = F_(4.948115927967505814e-03 / 2.155267490275446784e-01 + F(2.155267490275446784e-01)) =                  nan
x254 = F_(4.948115927950616227e-03 / 3.652999976561000034e+00 + F(3.652999976561000034e+00)) = 3.448050835179759410e+00
x1   = F_(4.948115927950616227e-03 / 2.155267491061570728e-01 + F(2.155267491061570728e-01)) =                  nan
x254 = F_(4.948115927933727495e-03 / 3.652999976562000034e+00 + F(3.652999976562000034e+00)) = 3.448050835180823892e+00
x1   = F_(4.948115927933727495e-03 / 2.155267491848069095e-01 + F(2.155267491848069095e-01)) =                  nan
x254 = F_(4.948115927916837795e-03 / 3.652999976563000034e+00 + F(3.652999976563000034e+00)) = 3.448050835181888374e+00
x1   = F_(4.948115927916837795e-03 / 2.155267492634667659e-01 + F(2.155267492634667659e-01)) =                  nan
x254 = F_(4.948115927899949053e-03 / 3.652999976564000034e+00 + F(3.652999976564000034e+00)) = 3.448050835182952856e+00
x1   = F_(4.948115927899949053e-03 / 2.155267493420907621e-01 + F(2.155267493420907621e-01)) =                  nan
x254 = F_(4.948115927883059478e-03 / 3.652999976565000034e+00 + F(3.652999976565000034e+00)) = 3.448050835184017338e+00
x1   = F_(4.948115927883059478e-03 / 2.155267494207115941e-01 + F(2.155267494207115941e-01)) =                  nan
x254 = F_(4.948115927866170735e-03 / 3.652999976566000034e+00 + F(3.652999976566000034e+00)) = 3.448050835185082263e+00
x1   = F_(4.948115927866170735e-03 / 2.155267494993782784e-01 + F(2.155267494993782784e-01)) =                  nan
x254 = F_(4.948115927849281327e-03 / 3.652999976567000034e+00 + F(3.652999976567000034e+00)) = 3.448050835186146745e+00
x1   = F_(4.948115927849281327e-03 / 2.155267495779722153e-01 + F(2.155267495779722153e-01)) =                  nan
x254 = F_(4.948115927832392352e-03 / 3.652999976568000034e+00 + F(3.652999976568000034e+00)) = 3.448050835187211227e+00
x1   = F_(4.948115927832392352e-03 / 2.155267496566531660e-01 + F(2.155267496566531660e-01)) = 3.145486536432630196e-06
x254 = F_(4.948115927832392352e-03 / 3.652999976568000034e+00 + F(3.652999976568000034e+00)) = 3.448050835187211227e+00
x1   = F_(4.948115927832392352e-03 / 2.155267496566531660e-01 + F(2.155267496566531660e-01)) = 3.145486536432630196e-06
x254 = F_(4.948115927834084350e-03 / 3.652999976567900034e+00 + F(3.652999976567900034e+00)) = 3.448050835187104202e+00
x1   = F_(4.948115927834084350e-03 / 2.155267496487600909e-01 + F(2.155267496487600909e-01)) = 2.207384608644543259e-06
x254 = F_(4.948115927835771569e-03 / 3.652999976567800034e+00 + F(3.652999976567800034e+00)) = 3.448050835186998064e+00
x1   = F_(4.948115927835771569e-03 / 2.155267496409033756e-01 + F(2.155267496409033756e-01)) =                  nan
x254 = F_(4.948115927835771569e-03 / 3.652999976567800034e+00 + F(3.652999976567800034e+00)) = 3.448050835186998064e+00
x1   = F_(4.948115927835771569e-03 / 2.155267496409033756e-01 + F(2.155267496409033756e-01)) =                  nan
x254 = F_(4.948115927835603612e-03 / 3.652999976567810034e+00 + F(3.652999976567810034e+00)) = 3.448050835187008722e+00
x1   = F_(4.948115927835603612e-03 / 2.155267496416973794e-01 + F(2.155267496416973794e-01)) = 6.158345436982155500e-07
x254 = F_(4.948115927835603612e-03 / 3.652999976567810034e+00 + F(3.652999976567810034e+00)) = 3.448050835187008722e+00
x1   = F_(4.948115927835603612e-03 / 2.155267496416973794e-01 + F(2.155267496416973794e-01)) = 6.158345436982155500e-07
x254 = F_(4.948115927835619455e-03 / 3.652999976567809034e+00 + F(3.652999976567809034e+00)) = 3.448050835187007834e+00
x1   = F_(4.948115927835619455e-03 / 2.155267496416056472e-01 + F(2.155267496416056472e-01)) = 5.664401593431525052e-07
x254 = F_(4.948115927835636059e-03 / 3.652999976567808034e+00 + F(3.652999976567808034e+00)) = 3.448050835187006946e+00
x1   = F_(4.948115927835636059e-03 / 2.155267496415002038e-01 + F(2.155267496415002038e-01)) = 5.040030039932817099e-07
x254 = F_(4.948115927835652703e-03 / 3.652999976567807034e+00 + F(3.652999976567807034e+00)) = 3.448050835187005614e+00
x1   = F_(4.948115927835652703e-03 / 2.155267496414448314e-01 + F(2.155267496414448314e-01)) = 4.676686175607337108e-07
x254 = F_(4.948115927835669325e-03 / 3.652999976567806034e+00 + F(3.652999976567806034e+00)) = 3.448050835187004282e+00
x1   = F_(4.948115927835669325e-03 / 2.155267496413958150e-01 + F(2.155267496413958150e-01)) = 4.329037382106271557e-07
x254 = F_(4.948115927835685197e-03 / 3.652999976567805034e+00 + F(3.652999976567805034e+00)) = 3.448050835187003393e+00
x1   = F_(4.948115927835685197e-03 / 2.155267496412771877e-01 + F(2.155267496412771877e-01)) = 3.348619498944960130e-07
x254 = F_(4.948115927835701883e-03 / 3.652999976567804034e+00 + F(3.652999976567804034e+00)) = 3.448050835187002505e+00
x1   = F_(4.948115927835701883e-03 / 2.155267496412228700e-01 + F(2.155267496412228700e-01)) = 2.783766641060946393e-07
x254 = F_(4.948115927835722479e-03 / 3.652999976567803034e+00 + F(3.652999976567803034e+00)) = 3.448050835187001173e+00
x1   = F_(4.948115927835722479e-03 / 2.155267496411037154e-01 + F(2.155267496411037154e-01)) = 4.214684851089404129e-08
x254 = F_(4.948115927835739099e-03 / 3.652999976567802033e+00 + F(3.652999976567802033e+00)) = 3.448050835186999841e+00
x1   = F_(4.948115927835739099e-03 / 2.155267496410283312e-01 + F(2.155267496410283312e-01)) =                  nan
x254 = F_(4.948115927835739099e-03 / 3.652999976567802033e+00 + F(3.652999976567802033e+00)) = 3.448050835186999841e+00
x1   = F_(4.948115927835739099e-03 / 2.155267496410283312e-01 + F(2.155267496410283312e-01)) =                  nan
x254 = F_(4.948115927835735144e-03 / 3.652999976567802133e+00 + F(3.652999976567802133e+00)) = 3.448050835187000285e+00
x1   = F_(4.948115927835735144e-03 / 2.155267496410699923e-01 + F(2.155267496410699923e-01)) =                  nan
x254 = F_(4.948115927835735136e-03 / 3.652999976567802233e+00 + F(3.652999976567802233e+00)) = 3.448050835187000285e+00
x1   = F_(4.948115927835735136e-03 / 2.155267496410699923e-01 + F(2.155267496410699923e-01)) =                  nan
x254 = F_(4.948115927835730376e-03 / 3.652999976567802333e+00 + F(3.652999976567802333e+00)) = 3.448050835187000729e+00
x1   = F_(4.948115927835730376e-03 / 2.155267496411011063e-01 + F(2.155267496411011063e-01)) = -0.000000000000000000e+00
x254 = F_(4.948115927835730376e-03 / 3.652999976567802333e+00 + F(3.652999976567802333e+00)) = 3.448050835187000729e+00
x1   = F_(4.948115927835730376e-03 / 2.155267496411011063e-01 + F(2.155267496411011063e-01)) = -0.000000000000000000e+00
x254 = F_(4.948115927835730374e-03 / 3.652999976567802323e+00 + F(3.652999976567802323e+00)) = 3.448050835187000729e+00
x1   = F_(4.948115927835730374e-03 / 2.155267496411011063e-01 + F(2.155267496411011063e-01)) = -0.000000000000000000e+00
x254 = F_(4.948115927835735125e-03 / 3.652999976567802313e+00 + F(3.652999976567802313e+00)) = 3.448050835187000285e+00
x1   = F_(4.948115927835735125e-03 / 2.155267496410699923e-01 + F(2.155267496410699923e-01)) =                  nan
x254 = F_(4.948115927835735125e-03 / 3.652999976567802313e+00 + F(3.652999976567802313e+00)) = 3.448050835187000285e+00
x1   = F_(4.948115927835735125e-03 / 2.155267496410699923e-01 + F(2.155267496410699923e-01)) =                  nan
x254 = F_(4.948115927835735126e-03 / 3.652999976567802314e+00 + F(3.652999976567802314e+00)) = 3.448050835187000285e+00
x1   = F_(4.948115927835735126e-03 / 2.155267496410699923e-01 + F(2.155267496410699923e-01)) =                  nan
x254 = F_(4.948115927835735126e-03 / 3.652999976567802316e+00 + F(3.652999976567802316e+00)) = 3.448050835187000285e+00
x1   = F_(4.948115927835735126e-03 / 2.155267496410699923e-01 + F(2.155267496410699923e-01)) =                  nan
x254 = F_(4.948115927835735126e-03 / 3.652999976567802317e+00 + F(3.652999976567802317e+00)) = 3.448050835187000285e+00
x1   = F_(4.948115927835735126e-03 / 2.155267496410699923e-01 + F(2.155267496410699923e-01)) =                  nan
x254 = F_(4.948115927835735127e-03 / 3.652999976567802318e+00 + F(3.652999976567802318e+00)) = 3.448050835187000285e+00
x1   = F_(4.948115927835735127e-03 / 2.155267496410699923e-01 + F(2.155267496410699923e-01)) =                  nan
x254 = F_(4.948115927835735128e-03 / 3.652999976567802319e+00 + F(3.652999976567802319e+00)) = 3.448050835187000285e+00
x1   = F_(4.948115927835735128e-03 / 2.155267496410699923e-01 + F(2.155267496410699923e-01)) =                  nan
x254 = F_(4.948115927835730375e-03 / 3.652999976567802320e+00 + F(3.652999976567802320e+00)) = 3.448050835187000729e+00
x1   = F_(4.948115927835730375e-03 / 2.155267496411011063e-01 + F(2.155267496411011063e-01)) = -0.000000000000000000e+00
x254 = F_(4.948115927835730375e-03 / 3.652999976567802320e+00 + F(3.652999976567802320e+00)) = 3.448050835187000729e+00
x1   = F_(4.948115927835730375e-03 / 2.155267496411011063e-01 + F(2.155267496411011063e-01)) = -0.000000000000000000e+00
z(r) is close to 0 for r = 3.652999976567802320e+00, v = 4.948115927835730375e-03
+ ./solver 3.652999976567802320 1e-1
integral of y = e^(-x2/2) from [3.653000, inf), given epsilon 1.000000e-01, is 4.623270446220673255e-03
+ ./solver 3.652999976567802320 1e-5
integral of y = e^(-x2/2) from [3.653000, inf), given epsilon 1.000000e-05, is 4.946112765273206410e-03
+ ./solver 3.652999976567802320 1e-10
integral of y = e^(-x2/2) from [3.653000, inf), given epsilon 1.000000e-10, is 4.948115927835730366e-03
